<?xml version="1.0" encoding="UTF-8"?>
<!-- Generated by org.testng.reporters.JUnitReportReporter -->
<testsuite skipped="0" hostname="DESKTOP-PPOL0UJ" name="testCases.TC003_VerifyLogout2" tests="1" failures="0" timestamp="27 Apr 2022 00:25:57 GMT" time="3.347" errors="0">
  <testcase name="verifyLogout" time="3.347" classname="testCases.TC003_VerifyLogout2"/>
</testsuite> <!-- testCases.TC003_VerifyLogout2 -->
