<?xml version="1.0" encoding="UTF-8"?>
<!-- Generated by org.testng.reporters.JUnitReportReporter -->
<testsuite skipped="0" hostname="DESKTOP-PPOL0UJ" name="testCases.TC006_CenterColumLinks" tests="1" failures="0" timestamp="06 May 2022 19:05:20 GMT" time="8.837" errors="0">
  <testcase name="login" time="8.837" classname="testCases.TC006_CenterColumLinks"/>
</testsuite> <!-- testCases.TC006_CenterColumLinks -->
