<?xml version="1.0" encoding="UTF-8"?>
<!-- Generated by org.testng.reporters.JUnitReportReporter -->
<testsuite skipped="0" hostname="DESKTOP-PPOL0UJ" name="testCases.TC004_dataddriven" tests="4" failures="0" timestamp="23 Apr 2022 15:43:02 GMT" time="54.961" errors="0">
  <testcase name="verifyLogin" time="10.428" classname="testCases.TC004_dataddriven"/>
  <testcase name="verifyLogin" time="12.884" classname="testCases.TC004_dataddriven"/>
  <testcase name="verifyLogin" time="11.164" classname="testCases.TC004_dataddriven"/>
  <testcase name="verifyLogin" time="20.485" classname="testCases.TC004_dataddriven"/>
</testsuite> <!-- testCases.TC004_dataddriven -->
