<?xml version="1.0" encoding="UTF-8"?>
<!-- Generated by org.testng.reporters.JUnitReportReporter -->
<testsuite skipped="0" hostname="DESKTOP-PPOL0UJ" name="testCases.TC005_ContactUs" tests="1" failures="0" timestamp="27 Apr 2022 00:25:57 GMT" time="1.773" errors="0">
  <testcase name="contactNo" time="1.773" classname="testCases.TC005_ContactUs"/>
</testsuite> <!-- testCases.TC005_ContactUs -->
