<?xml version="1.0" encoding="UTF-8"?>
<!-- Generated by org.testng.reporters.JUnitReportReporter -->
<testsuite skipped="0" hostname="DESKTOP-PPOL0UJ" name="testCases.TC_Addtocart" tests="2" failures="0" timestamp="05 May 2022 13:17:35 GMT" time="51.655" errors="0">
  <testcase name="addtoCart" time="51.241" classname="testCases.TC_Addtocart"/>
  <testcase name="sumofproducts" time="0.414" classname="testCases.TC_Addtocart"/>
</testsuite> <!-- testCases.TC_Addtocart -->
