<?xml version="1.0" encoding="UTF-8"?>
<!-- Generated by org.testng.reporters.JUnitReportReporter -->
<testsuite skipped="0" hostname="DESKTOP-PPOL0UJ" name="testCases.TC_AddtocartMuliple" tests="2" failures="0" timestamp="06 May 2022 19:05:20 GMT" time="26.083" errors="0">
  <testcase name="multipleAddCart" time="24.365" classname="testCases.TC_AddtocartMuliple"/>
  <testcase name="sumofproducts" time="1.718" classname="testCases.TC_AddtocartMuliple"/>
</testsuite> <!-- testCases.TC_AddtocartMuliple -->
