<?xml version="1.0" encoding="UTF-8"?>
<!-- Generated by org.testng.reporters.JUnitReportReporter -->
<testsuite skipped="0" hostname="DESKTOP-PPOL0UJ" name="testCases.TC_AddtocartMuliple" tests="2" failures="0" timestamp="07 May 2022 12:29:23 GMT" time="29.338" errors="0">
  <testcase name="multipleAddCart" time="24.495" classname="testCases.TC_AddtocartMuliple"/>
  <testcase name="sumofproducts" time="4.843" classname="testCases.TC_AddtocartMuliple"/>
</testsuite> <!-- testCases.TC_AddtocartMuliple -->
