<?xml version="1.0" encoding="UTF-8"?>
<!-- Generated by org.testng.reporters.JUnitReportReporter -->
<testsuite skipped="0" hostname="DESKTOP-PPOL0UJ" name="testCases.TC007_E2EFunctionality" tests="6" failures="0" timestamp="06 May 2022 16:20:30 GMT" time="59.089" errors="0">
  <testcase name="checkout" time="37.971" classname="testCases.TC007_E2EFunctionality"/>
  <testcase name="summary" time="3.755" classname="testCases.TC007_E2EFunctionality"/>
  <testcase name="address" time="3.876" classname="testCases.TC007_E2EFunctionality"/>
  <testcase name="shipping" time="4.490" classname="testCases.TC007_E2EFunctionality"/>
  <testcase name="payment" time="4.121" classname="testCases.TC007_E2EFunctionality"/>
  <testcase name="confirmation" time="4.876" classname="testCases.TC007_E2EFunctionality"/>
</testsuite> <!-- testCases.TC007_E2EFunctionality -->
