<?xml version="1.0" encoding="UTF-8"?>
<!-- Generated by org.testng.reporters.JUnitReportReporter -->
<testsuite skipped="0" hostname="DESKTOP-PPOL0UJ" name="testCases.TC003_ContactUs" tests="1" failures="0" timestamp="07 May 2022 12:29:23 GMT" time="5.117" errors="0">
  <testcase name="contactNo" time="5.117" classname="testCases.TC003_ContactUs"/>
</testsuite> <!-- testCases.TC003_ContactUs -->
