<?xml version="1.0" encoding="UTF-8"?>
<!-- Generated by org.testng.reporters.JUnitReportReporter -->
<testsuite skipped="0" hostname="DESKTOP-PPOL0UJ" name="testCases.TC001_SignIn_Homepage" tests="1" failures="0" timestamp="26 Apr 2022 23:54:02 GMT" time="1.203" errors="0">
  <testcase name="signIn" time="1.203" classname="testCases.TC001_SignIn_Homepage"/>
</testsuite> <!-- testCases.TC001_SignIn_Homepage -->
