<?xml version="1.0" encoding="UTF-8"?>
<!-- Generated by org.testng.reporters.JUnitReportReporter -->
<testsuite skipped="0" hostname="DESKTOP-PPOL0UJ" name="testCases.TC_VerifyLogout" tests="1" failures="0" timestamp="06 May 2022 19:05:20 GMT" time="2.240" errors="0">
  <testcase name="verifyLogout" time="2.240" classname="testCases.TC_VerifyLogout"/>
</testsuite> <!-- testCases.TC_VerifyLogout -->
