<?xml version="1.0" encoding="UTF-8"?>
<!-- Generated by org.testng.reporters.JUnitReportReporter -->
<testsuite skipped="0" hostname="DESKTOP-PPOL0UJ" name="testCases.TC004_AddToCart" tests="1" failures="0" timestamp="05 May 2022 23:12:03 GMT" time="20.283" errors="0">
  <testcase name="addtoCart" time="20.283" classname="testCases.TC004_AddToCart"/>
</testsuite> <!-- testCases.TC004_AddToCart -->
