<?xml version="1.0" encoding="UTF-8"?>
<!-- Generated by org.testng.reporters.JUnitReportReporter -->
<testsuite skipped="0" hostname="DESKTOP-PPOL0UJ" name="testCases.TC_SummerDress" tests="1" failures="0" timestamp="06 May 2022 15:29:14 GMT" time="14.176" errors="0">
  <testcase name="checkout" time="14.176" classname="testCases.TC_SummerDress"/>
</testsuite> <!-- testCases.TC_SummerDress -->
