<?xml version="1.0" encoding="UTF-8"?>
<!-- Generated by org.testng.reporters.JUnitReportReporter -->
<testsuite skipped="0" hostname="DESKTOP-PPOL0UJ" name="testCases.DD_VerifyLogin" tests="3" failures="0" timestamp="05 May 2022 21:01:05 GMT" time="7.632" errors="0">
  <testcase name="login" time="2.918" classname="testCases.DD_VerifyLogin"/>
  <testcase name="login" time="1.988" classname="testCases.DD_VerifyLogin"/>
  <testcase name="login" time="2.726" classname="testCases.DD_VerifyLogin"/>
</testsuite> <!-- testCases.DD_VerifyLogin -->
