<?xml version="1.0" encoding="UTF-8"?>
<!-- Generated by org.testng.reporters.JUnitReportReporter -->
<testsuite skipped="0" hostname="DESKTOP-PPOL0UJ" name="testCases.TC006_AddToCart" tests="1" failures="0" timestamp="26 Apr 2022 22:19:58 GMT" time="15.770" errors="0">
  <testcase name="addtoCart" time="15.770" classname="testCases.TC006_AddToCart"/>
</testsuite> <!-- testCases.TC006_AddToCart -->
