<?xml version="1.0" encoding="UTF-8"?>
<!-- Generated by org.testng.reporters.JUnitReportReporter -->
<testsuite skipped="0" hostname="DESKTOP-PPOL0UJ" name="testCases.TC_Register" tests="1" failures="0" timestamp="06 May 2022 19:05:20 GMT" time="16.234" errors="0">
  <testcase name="register" time="16.234" classname="testCases.TC_Register"/>
</testsuite> <!-- testCases.TC_Register -->
