<?xml version="1.0" encoding="UTF-8"?>
<!-- Generated by org.testng.reporters.JUnitReportReporter -->
<testsuite skipped="0" hostname="DESKTOP-PPOL0UJ" name="testCases.TC_VerifyLogout" tests="1" failures="0" timestamp="07 May 2022 20:06:39 GMT" time="1.434" errors="0">
  <testcase name="verifyLogout" time="1.434" classname="testCases.TC_VerifyLogout"/>
</testsuite> <!-- testCases.TC_VerifyLogout -->
