<?xml version="1.0" encoding="UTF-8"?>
<!-- Generated by org.testng.reporters.JUnitReportReporter -->
<testsuite skipped="0" hostname="DESKTOP-PPOL0UJ" name="testCases.TC002_VerifyLogin" tests="1" failures="0" timestamp="07 May 2022 20:06:39 GMT" time="7.880" errors="0">
  <testcase name="login" time="7.880" classname="testCases.TC002_VerifyLogin"/>
</testsuite> <!-- testCases.TC002_VerifyLogin -->
