<?xml version="1.0" encoding="UTF-8"?>
<!-- Generated by org.testng.reporters.JUnitReportReporter -->
<testsuite skipped="0" hostname="DESKTOP-PPOL0UJ" name="testCases.TC_AddtocartMuliple" tests="2" failures="0" timestamp="07 May 2022 20:06:39 GMT" time="31.780" errors="0">
  <testcase name="multipleAddCart" time="24.810" classname="testCases.TC_AddtocartMuliple"/>
  <testcase name="sumofproducts" time="6.970" classname="testCases.TC_AddtocartMuliple"/>
</testsuite> <!-- testCases.TC_AddtocartMuliple -->
