<?xml version="1.0" encoding="UTF-8"?>
<!-- Generated by org.testng.reporters.JUnitReportReporter -->
<testsuite skipped="0" hostname="DESKTOP-PPOL0UJ" name="testCases.DD_FinalVerifyRegister" tests="2" failures="0" timestamp="06 May 2022 23:48:12 GMT" time="19.814" errors="0">
  <testcase name="register" time="10.751" classname="testCases.DD_FinalVerifyRegister"/>
  <testcase name="register" time="9.063" classname="testCases.DD_FinalVerifyRegister"/>
</testsuite> <!-- testCases.DD_FinalVerifyRegister -->
