<?xml version="1.0" encoding="UTF-8"?>
<!-- Generated by org.testng.reporters.JUnitReportReporter -->
<testsuite skipped="0" hostname="DESKTOP-PPOL0UJ" name="testCases.TC007_E2EFunctionality" tests="6" failures="0" timestamp="07 May 2022 00:37:26 GMT" time="54.006" errors="0">
  <testcase name="checkout" time="33.341" classname="testCases.TC007_E2EFunctionality"/>
  <testcase name="summary" time="3.820" classname="testCases.TC007_E2EFunctionality"/>
  <testcase name="address" time="3.847" classname="testCases.TC007_E2EFunctionality"/>
  <testcase name="shipping" time="3.965" classname="testCases.TC007_E2EFunctionality"/>
  <testcase name="payment" time="3.970" classname="testCases.TC007_E2EFunctionality"/>
  <testcase name="confirmation" time="5.063" classname="testCases.TC007_E2EFunctionality"/>
</testsuite> <!-- testCases.TC007_E2EFunctionality -->
