<?xml version="1.0" encoding="UTF-8"?>
<!-- Generated by org.testng.reporters.JUnitReportReporter -->
<testsuite skipped="0" hostname="DESKTOP-PPOL0UJ" name="testCases.DD_FinalVerifyRegister" tests="2" failures="0" timestamp="06 May 2022 23:52:53 GMT" time="19.925" errors="0">
  <testcase name="register" time="10.437" classname="testCases.DD_FinalVerifyRegister"/>
  <testcase name="register" time="9.488" classname="testCases.DD_FinalVerifyRegister"/>
</testsuite> <!-- testCases.DD_FinalVerifyRegister -->
