<?xml version="1.0" encoding="UTF-8"?>
<!-- Generated by org.testng.reporters.JUnitReportReporter -->
<testsuite skipped="0" hostname="DESKTOP-PPOL0UJ" name="testCases.TC001_SignIn" tests="1" failures="0" timestamp="07 May 2022 20:06:39 GMT" time="1.428" errors="0">
  <testcase name="signIn" time="1.428" classname="testCases.TC001_SignIn"/>
</testsuite> <!-- testCases.TC001_SignIn -->
