<?xml version="1.0" encoding="UTF-8"?>
<!-- Generated by org.testng.reporters.JUnitReportReporter -->
<testsuite skipped="0" hostname="DESKTOP-PPOL0UJ" name="testCases.TC004_SinglePdtCart" tests="1" failures="0" timestamp="07 May 2022 20:06:39 GMT" time="17.798" errors="0">
  <testcase name="singlepdtAdd" time="17.798" classname="testCases.TC004_SinglePdtCart"/>
</testsuite> <!-- testCases.TC004_SinglePdtCart -->
