<?xml version="1.0" encoding="UTF-8"?>
<!-- Generated by org.testng.reporters.JUnitReportReporter -->
<testsuite skipped="0" hostname="DESKTOP-PPOL0UJ" name="testCases.DD_VerifyLogin" tests="3" failures="0" timestamp="06 May 2022 23:52:53 GMT" time="7.241" errors="0">
  <testcase name="login" time="1.975" classname="testCases.DD_VerifyLogin"/>
  <testcase name="login" time="2.332" classname="testCases.DD_VerifyLogin"/>
  <testcase name="login" time="2.934" classname="testCases.DD_VerifyLogin"/>
</testsuite> <!-- testCases.DD_VerifyLogin -->
