<?xml version="1.0" encoding="UTF-8"?>
<!-- Generated by org.testng.reporters.JUnitReportReporter -->
<testsuite skipped="0" hostname="DESKTOP-PPOL0UJ" name="testCases.TC006_CenterColumLinks" tests="1" failures="0" timestamp="06 May 2022 03:29:23 GMT" time="60.213" errors="0">
  <testcase name="login" time="60.213" classname="testCases.TC006_CenterColumLinks"/>
</testsuite> <!-- testCases.TC006_CenterColumLinks -->
