<?xml version="1.0" encoding="UTF-8"?>
<!-- Generated by org.testng.reporters.JUnitReportReporter -->
<testsuite skipped="0" hostname="DESKTOP-PPOL0UJ" name="testCases.TC_Register" tests="1" failures="0" timestamp="06 May 2022 03:29:23 GMT" time="11.789" errors="0">
  <testcase name="register" time="11.789" classname="testCases.TC_Register"/>
</testsuite> <!-- testCases.TC_Register -->
