<?xml version="1.0" encoding="UTF-8"?>
<!-- Generated by org.testng.reporters.JUnitReportReporter -->
<testsuite skipped="0" hostname="DESKTOP-PPOL0UJ" name="testCases.TC007_E2EFunctionality" tests="6" failures="0" timestamp="07 May 2022 00:20:23 GMT" time="54.171" errors="0">
  <testcase name="checkout" time="33.069" classname="testCases.TC007_E2EFunctionality"/>
  <testcase name="summary" time="4.307" classname="testCases.TC007_E2EFunctionality"/>
  <testcase name="address" time="4.002" classname="testCases.TC007_E2EFunctionality"/>
  <testcase name="shipping" time="3.992" classname="testCases.TC007_E2EFunctionality"/>
  <testcase name="payment" time="3.843" classname="testCases.TC007_E2EFunctionality"/>
  <testcase name="confirmation" time="4.958" classname="testCases.TC007_E2EFunctionality"/>
</testsuite> <!-- testCases.TC007_E2EFunctionality -->
