<?xml version="1.0" encoding="UTF-8"?>
<!-- Generated by org.testng.reporters.JUnitReportReporter -->
<testsuite skipped="0" hostname="DESKTOP-PPOL0UJ" name="testCases.TC008_VerifyLogo" tests="1" failures="0" timestamp="07 May 2022 20:06:39 GMT" time="5.697" errors="0">
  <testcase name="logo" time="5.697" classname="testCases.TC008_VerifyLogo"/>
</testsuite> <!-- testCases.TC008_VerifyLogo -->
