<?xml version="1.0" encoding="UTF-8"?>
<!-- Generated by org.testng.reporters.JUnitReportReporter -->
<testsuite skipped="0" hostname="DESKTOP-PPOL0UJ" name="testCases.TC007_E2EFunctionality" tests="6" failures="0" timestamp="06 May 2022 03:29:23 GMT" time="54.157" errors="0">
  <testcase name="checkout" time="32.737" classname="testCases.TC007_E2EFunctionality"/>
  <testcase name="summary" time="3.911" classname="testCases.TC007_E2EFunctionality"/>
  <testcase name="address" time="4.722" classname="testCases.TC007_E2EFunctionality"/>
  <testcase name="shipping" time="4.348" classname="testCases.TC007_E2EFunctionality"/>
  <testcase name="payment" time="3.726" classname="testCases.TC007_E2EFunctionality"/>
  <testcase name="confirmation" time="4.713" classname="testCases.TC007_E2EFunctionality"/>
</testsuite> <!-- testCases.TC007_E2EFunctionality -->
